marketplace/app/build/intermediates/manifest_merge_blame_file/debug/manifest-merger-blame-debug-report.txt
1<?xml version="1.0" encoding="utf-8"?>
2<manifest xmlns:android="http://schemas.android.com/apk/res/android"
3    package="com.flowerencee9.marketplace"
4    android:versionCode="1"
5    android:versionName="1.0" >
6
7    <uses-sdk
8        android:minSdkVersion="21"
8-->src\main\AndroidManifest.xml
9        android:targetSdkVersion="33" />
9-->src\main\AndroidManifest.xml
10
11    <uses-permission android:name="android.permission.INTERNET" />
11-->src\main\AndroidManifest.xml:6:5-67
11-->src\main\AndroidManifest.xml:6:22-64
12    <uses-permission android:name="android.permission.CAMERA" />
12-->src\main\AndroidManifest.xml:7:5-65
12-->src\main\AndroidManifest.xml:7:22-62
13    <uses-permission android:name="android.permission.ACCESS_FINE_LOCATION" />
13-->src\main\AndroidManifest.xml:8:5-79
13-->src\main\AndroidManifest.xml:8:22-76
14    <uses-permission android:name="android.permission.ACCESS_COARSE_LOCATION" />
14-->src\main\AndroidManifest.xml:9:5-81
14-->src\main\AndroidManifest.xml:9:22-78
15    <uses-permission android:name="android.permission.ACCESS_BACKGROUND_LOCATION" />
15-->src\main\AndroidManifest.xml:10:5-85
15-->src\main\AndroidManifest.xml:10:22-82
16
17    <uses-feature android:name="android.hardware.camera" />
17-->src\main\AndroidManifest.xml:12:5-60
17-->src\main\AndroidManifest.xml:12:19-57
18
19    <uses-permission android:name="android.permission.READ_EXTERNAL_STORAGE" />
19-->src\main\AndroidManifest.xml:14:5-80
19-->src\main\AndroidManifest.xml:14:22-77
20    <uses-permission
20-->src\main\AndroidManifest.xml:15:5-17:38
21        android:name="android.permission.WRITE_EXTERNAL_STORAGE"
21-->src\main\AndroidManifest.xml:16:9-65
22        android:maxSdkVersion="18" />
22-->src\main\AndroidManifest.xml:17:9-35
23
24    <permission
24-->[androidx.core:core:1.9.0] AndroidManifest.xml:22:5-24:47
25        android:name="com.flowerencee9.marketplace.DYNAMIC_RECEIVER_NOT_EXPORTED_PERMISSION"
25-->[androidx.core:core:1.9.0] AndroidManifest.xml:23:9-81
26        android:protectionLevel="signature" />
26-->[androidx.core:core:1.9.0] AndroidManifest.xml:24:9-44
27
28    <uses-permission android:name="com.flowerencee9.marketplace.DYNAMIC_RECEIVER_NOT_EXPORTED_PERMISSION" />
28-->[androidx.core:core:1.9.0] AndroidManifest.xml:26:5-97
28-->[androidx.core:core:1.9.0] AndroidManifest.xml:26:22-94
29
30    <application
30-->src\main\AndroidManifest.xml:19:5-50:19
31        android:name="com.flowerencee9.marketplace.MarketplaceApp"
31-->src\main\AndroidManifest.xml:20:9-39
32        android:allowBackup="true"
32-->src\main\AndroidManifest.xml:21:9-35
33        android:appComponentFactory="androidx.core.app.CoreComponentFactory"
33-->[androidx.core:core:1.9.0] AndroidManifest.xml:28:18-86
34        android:dataExtractionRules="@xml/data_extraction_rules"
34-->src\main\AndroidManifest.xml:22:9-65
35        android:debuggable="true"
36        android:fullBackupContent="@xml/backup_rules"
36-->src\main\AndroidManifest.xml:23:9-54
37        android:icon="@mipmap/ic_launcher"
37-->src\main\AndroidManifest.xml:24:9-43
38        android:label="@string/app_name"
38-->src\main\AndroidManifest.xml:25:9-41
39        android:roundIcon="@mipmap/ic_launcher_round"
39-->src\main\AndroidManifest.xml:27:9-54
40        android:supportsRtl="true"
40-->src\main\AndroidManifest.xml:28:9-35
41        android:theme="@style/Theme.Marketplace"
41-->src\main\AndroidManifest.xml:29:9-49
42        android:usesCleartextTraffic="true" >
42-->src\main\AndroidManifest.xml:26:9-44
43        <activity
43-->src\main\AndroidManifest.xml:31:9-39:20
44            android:name="com.flowerencee9.marketplace.screens.main.MainActivity"
44-->src\main\AndroidManifest.xml:32:13-54
45            android:exported="true" >
45-->src\main\AndroidManifest.xml:33:13-36
46            <intent-filter>
46-->src\main\AndroidManifest.xml:34:13-38:29
47                <action android:name="android.intent.action.MAIN" />
47-->src\main\AndroidManifest.xml:35:17-69
47-->src\main\AndroidManifest.xml:35:25-66
48
49                <category android:name="android.intent.category.LAUNCHER" />
49-->src\main\AndroidManifest.xml:37:17-77
49-->src\main\AndroidManifest.xml:37:27-74
50            </intent-filter>
51        </activity>
52
53        <provider
53-->src\main\AndroidManifest.xml:41:9-49:20
54            android:name="androidx.core.content.FileProvider"
54-->src\main\AndroidManifest.xml:42:13-62
55            android:authorities="com.flowerencee9.marketplace"
55-->src\main\AndroidManifest.xml:43:13-63
56            android:exported="false"
56-->src\main\AndroidManifest.xml:44:13-37
57            android:grantUriPermissions="true" >
57-->src\main\AndroidManifest.xml:45:13-47
58            <meta-data
58-->src\main\AndroidManifest.xml:46:13-48:54
59                android:name="android.support.FILE_PROVIDER_PATHS"
59-->src\main\AndroidManifest.xml:47:17-67
60                android:resource="@xml/file_paths" />
60-->src\main\AndroidManifest.xml:48:17-51
61        </provider>
62
63        <service
63-->[androidx.room:room-runtime:2.5.0] AndroidManifest.xml:24:9-28:63
64            android:name="androidx.room.MultiInstanceInvalidationService"
64-->[androidx.room:room-runtime:2.5.0] AndroidManifest.xml:25:13-74
65            android:directBootAware="true"
65-->[androidx.room:room-runtime:2.5.0] AndroidManifest.xml:26:13-43
66            android:exported="false" />
66-->[androidx.room:room-runtime:2.5.0] AndroidManifest.xml:27:13-37
67
68        <provider
68-->[androidx.emoji2:emoji2:1.2.0] AndroidManifest.xml:24:9-32:20
69            android:name="androidx.startup.InitializationProvider"
69-->[androidx.emoji2:emoji2:1.2.0] AndroidManifest.xml:25:13-67
70            android:authorities="com.flowerencee9.marketplace.androidx-startup"
70-->[androidx.emoji2:emoji2:1.2.0] AndroidManifest.xml:26:13-68
71            android:exported="false" >
71-->[androidx.emoji2:emoji2:1.2.0] AndroidManifest.xml:27:13-37
72            <meta-data
72-->[androidx.emoji2:emoji2:1.2.0] AndroidManifest.xml:29:13-31:52
73                android:name="androidx.emoji2.text.EmojiCompatInitializer"
73-->[androidx.emoji2:emoji2:1.2.0] AndroidManifest.xml:30:17-75
74                android:value="androidx.startup" />
74-->[androidx.emoji2:emoji2:1.2.0] AndroidManifest.xml:31:17-49
75            <meta-data
75-->[androidx.lifecycle:lifecycle-process:2.4.1] AndroidManifest.xml:31:13-33:52
76                android:name="androidx.lifecycle.ProcessLifecycleInitializer"
76-->[androidx.lifecycle:lifecycle-process:2.4.1] AndroidManifest.xml:32:17-78
77                android:value="androidx.startup" />
77-->[androidx.lifecycle:lifecycle-process:2.4.1] AndroidManifest.xml:33:17-49
78        </provider>
79    </application>
80
81</manifest>